2026-06-27 23:10:26 | INFO | ML | === RUN START ===
2026-06-27 23:10:26 | INFO | ML | project=ML
2026-06-27 23:10:26 | INFO | ML | repo_dir=ml-06-serving
2026-06-27 23:10:26 | INFO | ML | python=3.14.0
2026-06-27 23:10:26 | INFO | ML | os=Windows 11
2026-06-27 23:10:26 | INFO | ML | shell=powershell
2026-06-27 23:10:26 | INFO | ML | cwd=.
2026-06-27 23:10:26 | INFO | ML | github_actions=False
2026-06-27 23:10:26 | INFO | ML | === RUN START ===
2026-06-27 23:10:26 | INFO | ML | project=ML
2026-06-27 23:10:26 | INFO | ML | repo_dir=ml-06-serving
2026-06-27 23:10:26 | INFO | ML | python=3.14.0
2026-06-27 23:10:26 | INFO | ML | os=Windows 11
2026-06-27 23:10:26 | INFO | ML | shell=powershell
2026-06-27 23:10:26 | INFO | ML | cwd=.
2026-06-27 23:10:26 | INFO | ML | github_actions=False
2026-06-27 23:10:26 | INFO | ML | ========================
2026-06-27 23:10:26 | INFO | ML | START main()
2026-06-27 23:10:26 | INFO | ML | ========================
2026-06-27 23:10:26 | INFO | ML | Load dataset..............
2026-06-27 23:10:26 | INFO | ML | Loading dataset: hours_scores_case
2026-06-27 23:10:26 | INFO | ML | Loaded: 10 rows, 6 columns
2026-06-27 23:10:26 | DEBUG | ML | 
   hours_studied  practice_quizzes  attendance_pct  sleep_hours  prior_score  score
0            2.0                 1              72          6.0           58     62
1            3.5                 2              80          6.5           61     68
2            4.0                 3              85          7.0           64     72
3            5.0                 3              88          7.5           66     76
4            6.0                 4              90          7.0           70     81
2026-06-27 23:10:26 | INFO | ML | Inspect dataset...........
2026-06-27 23:10:26 | INFO | ML | Column names
2026-06-27 23:10:26 | DEBUG | ML | ['hours_studied', 'practice_quizzes', 'attendance_pct', 'sleep_hours', 'prior_score', 'score']
2026-06-27 23:10:26 | INFO | ML | DataFrame info
2026-06-27 23:10:26 | INFO | ML | Dataset shape: 10 rows, 6 columns
2026-06-27 23:10:26 | INFO | ML | Check data quality........
2026-06-27 23:10:26 | INFO | ML | Missing values by column
2026-06-27 23:10:26 | DEBUG | ML | 
hours_studied       0
practice_quizzes    0
attendance_pct      0
sleep_hours         0
prior_score         0
score               0
dtype: int64
2026-06-27 23:10:26 | INFO | ML | Duplicate row count: 0
2026-06-27 23:10:26 | INFO | ML | Create clean view.........
2026-06-27 23:10:26 | INFO | ML | Creating clean modeling view
2026-06-27 23:10:26 | INFO | ML | Clean view: 10 rows, 6 columns
2026-06-27 23:10:26 | INFO | ML | Train supervised model....
2026-06-27 23:10:26 | INFO | ML | Training LinearRegression model
2026-06-27 23:10:26 | INFO | ML | Mean absolute error: 0.48
2026-06-27 23:10:26 | INFO | ML | R-squared: 1.00
2026-06-27 23:10:26 | INFO | ML | Predict one case..........
2026-06-27 23:10:26 | INFO | ML | Predicting one new case
2026-06-27 23:10:26 | INFO | ML | New case:
   hours_studied  practice_quizzes  attendance_pct  sleep_hours  prior_score
0            6.5                 4              92          7.0           72
2026-06-27 23:10:26 | INFO | ML | Predicted score: 83.4
2026-06-27 23:10:26 | INFO | ML | Create charts.............
2026-06-27 23:10:26 | INFO | ML | Creating chart: hours studied vs score
2026-06-27 23:10:26 | INFO | ML | Creating chart: model coefficients
2026-06-27 23:10:26 | INFO | ML | Got a figure Figure(900x500) and axes Axes(0.125,0.11;0.775x0.77) from plt.subplots().
2026-06-27 23:10:26 | INFO | ML | Summarize workflow........
2026-06-27 23:10:26 | INFO | ML | ========================
2026-06-27 23:10:26 | INFO | ML | SUMMARY
2026-06-27 23:10:26 | INFO | ML | ========================
2026-06-27 23:10:26 | INFO | ML | Dataset: hours_scores_case
2026-06-27 23:10:26 | INFO | ML | Original rows: 10
2026-06-27 23:10:26 | INFO | ML | Clean rows: 10
2026-06-27 23:10:26 | INFO | ML | Features: ['hours_studied', 'practice_quizzes', 'attendance_pct', 'sleep_hours', 'prior_score']
2026-06-27 23:10:26 | INFO | ML | Target: score
2026-06-27 23:10:26 | INFO | ML | ----- in a script, call plt.show() once at the end to display all charts -----
2026-06-27 23:10:26 | INFO | ML | ----- in a script, CLOSE the chart windows with the close button to CONTINUE -----
2026-06-27 23:13:04 | INFO | ML | Workflow complete
2026-06-27 23:13:04 | INFO | ML | IMPORTANT: This script creates chart windows.
2026-06-27 23:13:04 | INFO | ML | Close chart windows and terminate this process with CTRL+c as needed.
2026-06-27 23:13:04 | INFO | ML | ========================
2026-06-27 23:13:04 | INFO | ML | Executed successfully!
2026-06-27 23:13:04 | INFO | ML | ========================
2026-06-27 23:13:13 | INFO | ML | === RUN START ===
2026-06-27 23:13:13 | INFO | ML | project=ML
2026-06-27 23:13:13 | INFO | ML | repo_dir=ml-06-serving
2026-06-27 23:13:13 | INFO | ML | python=3.14.0
2026-06-27 23:13:13 | INFO | ML | os=Windows 11
2026-06-27 23:13:13 | INFO | ML | shell=powershell
2026-06-27 23:13:13 | INFO | ML | cwd=.
2026-06-27 23:13:13 | INFO | ML | github_actions=False
2026-06-27 23:13:14 | INFO | M06 | === RUN START ===
2026-06-27 23:13:14 | INFO | M06 | project=M06
2026-06-27 23:13:14 | INFO | M06 | repo_dir=ml-06-serving
2026-06-27 23:13:14 | INFO | M06 | python=3.14.0
2026-06-27 23:13:14 | INFO | M06 | os=Windows 11
2026-06-27 23:13:14 | INFO | M06 | shell=powershell
2026-06-27 23:13:14 | INFO | M06 | cwd=.
2026-06-27 23:13:14 | INFO | M06 | github_actions=False
2026-06-27 23:13:14 | INFO | M06 | Loading dataset: penguins
2026-06-27 23:13:14 | INFO | M06 | Loaded: 344 rows, 7 columns
2026-06-27 23:13:14 | INFO | M06 | Model rows (after dropping missing): 342
2026-06-27 23:13:14 | INFO | M06 | Loading dataset: penguins
2026-06-27 23:13:14 | INFO | M06 | Loaded: 344 rows, 7 columns
2026-06-27 23:13:14 | INFO | M06 | Model rows (after dropping missing): 342
2026-06-27 23:13:14 | INFO | M06 | Loading dataset: penguins
2026-06-27 23:13:14 | INFO | M06 | Loaded: 344 rows, 7 columns
2026-06-27 23:13:14 | INFO | M06 | Model rows (after dropping missing): 342
2026-06-27 23:13:14 | INFO | M06 | Loading dataset: penguins
2026-06-27 23:13:14 | INFO | M06 | Loaded: 344 rows, 7 columns
2026-06-27 23:13:14 | INFO | M06 | Model rows (after dropping missing): 342
2026-06-27 23:13:14 | INFO | M06 | Train instances: 273
2026-06-27 23:13:14 | INFO | M06 | Test instances:  69
2026-06-27 23:13:14 | INFO | M06 | Loading dataset: penguins
2026-06-27 23:13:14 | INFO | M06 | Loaded: 344 rows, 7 columns
2026-06-27 23:13:14 | INFO | M06 | Model rows (after dropping missing): 342
2026-06-27 23:13:14 | INFO | M06 | Train instances: 273
2026-06-27 23:13:14 | INFO | M06 | Test instances:  69
2026-06-27 23:13:14 | INFO | M06 | Loading dataset: penguins
2026-06-27 23:13:14 | INFO | M06 | Loaded: 344 rows, 7 columns
2026-06-27 23:13:14 | INFO | M06 | Model rows (after dropping missing): 342
2026-06-27 23:13:14 | INFO | M06 | Train instances: 273
2026-06-27 23:13:14 | INFO | M06 | Test instances:  69
2026-06-27 23:13:14 | INFO | M06 | Loading dataset: penguins
2026-06-27 23:13:14 | INFO | M06 | Loaded: 344 rows, 7 columns
2026-06-27 23:13:14 | INFO | M06 | Model rows (after dropping missing): 342
2026-06-27 23:13:14 | INFO | M06 | Train instances: 273
2026-06-27 23:13:14 | INFO | M06 | Test instances:  69
2026-06-27 23:13:14 | INFO | M06 | Loading dataset: penguins
2026-06-27 23:13:14 | INFO | M06 | Loaded: 344 rows, 7 columns
2026-06-27 23:13:14 | INFO | M06 | Model rows (after dropping missing): 342
2026-06-27 23:13:14 | INFO | M06 | Train instances: 273
2026-06-27 23:13:14 | INFO | M06 | Test instances:  69
2026-06-27 23:13:14 | INFO | M06 | Training RandomForestClassifier on 273 instances
2026-06-27 23:13:14 | INFO | M06 | Training complete
2026-06-27 23:13:14 | INFO | M06 | Loading dataset: penguins
2026-06-27 23:13:14 | INFO | M06 | Loaded: 344 rows, 7 columns
2026-06-27 23:13:14 | INFO | M06 | Model rows (after dropping missing): 342
2026-06-27 23:13:14 | INFO | M06 | Train instances: 273
2026-06-27 23:13:14 | INFO | M06 | Test instances:  69
2026-06-27 23:13:14 | INFO | M06 | Training RandomForestClassifier on 273 instances
2026-06-27 23:13:14 | INFO | M06 | Training complete
2026-06-27 23:13:14 | INFO | M06 | Loading dataset: penguins
2026-06-27 23:13:14 | INFO | M06 | Loaded: 344 rows, 7 columns
2026-06-27 23:13:14 | INFO | M06 | Model rows (after dropping missing): 342
2026-06-27 23:13:14 | INFO | M06 | Train instances: 273
2026-06-27 23:13:14 | INFO | M06 | Test instances:  69
2026-06-27 23:13:14 | INFO | M06 | Training RandomForestClassifier on 273 instances
2026-06-27 23:13:15 | INFO | M06 | Training complete
2026-06-27 23:13:15 | INFO | M06 | Loading dataset: penguins
2026-06-27 23:13:15 | INFO | M06 | Loaded: 344 rows, 7 columns
2026-06-27 23:13:15 | INFO | M06 | Model rows (after dropping missing): 342
2026-06-27 23:13:15 | INFO | M06 | Train instances: 273
2026-06-27 23:13:15 | INFO | M06 | Test instances:  69
2026-06-27 23:13:15 | INFO | M06 | Training RandomForestClassifier on 273 instances
2026-06-27 23:13:15 | INFO | M06 | Training complete
2026-06-27 23:13:15 | INFO | M06 | Test accuracy: 1.000
2026-06-27 23:13:15 | INFO | M06 | Loading dataset: penguins
2026-06-27 23:13:15 | INFO | M06 | Loaded: 344 rows, 7 columns
2026-06-27 23:13:15 | INFO | M06 | Model rows (after dropping missing): 342
2026-06-27 23:13:15 | INFO | M06 | Train instances: 273
2026-06-27 23:13:15 | INFO | M06 | Test instances:  69
2026-06-27 23:13:15 | INFO | M06 | Training RandomForestClassifier on 273 instances
2026-06-27 23:13:15 | INFO | M06 | Training complete
2026-06-27 23:13:15 | INFO | M06 | Loading dataset: penguins
2026-06-27 23:13:15 | INFO | M06 | Loaded: 344 rows, 7 columns
2026-06-27 23:13:15 | INFO | M06 | Model rows (after dropping missing): 342
2026-06-27 23:13:15 | INFO | M06 | Train instances: 273
2026-06-27 23:13:15 | INFO | M06 | Test instances:  69
2026-06-27 23:13:15 | INFO | M06 | Training RandomForestClassifier on 273 instances
2026-06-27 23:13:15 | INFO | M06 | Training complete
2026-06-27 23:13:15 | INFO | M06 | Saved model to: C:\Users\edaci\AppData\Local\Temp\pytest-of-edaci\pytest-18\test_save_model_creates_file0\model.joblib
2026-06-27 23:13:15 | INFO | M06 | Loading dataset: penguins
2026-06-27 23:13:15 | INFO | M06 | Loaded: 344 rows, 7 columns
2026-06-27 23:13:15 | INFO | M06 | Model rows (after dropping missing): 342
2026-06-27 23:13:15 | INFO | M06 | Train instances: 273
2026-06-27 23:13:15 | INFO | M06 | Test instances:  69
2026-06-27 23:13:15 | INFO | M06 | Training RandomForestClassifier on 273 instances
2026-06-27 23:13:16 | INFO | M06 | Training complete
2026-06-27 23:13:16 | INFO | M06 | Saved model to: C:\Users\edaci\AppData\Local\Temp\pytest-of-edaci\pytest-18\test_save_model_reloadable0\model.joblib
2026-06-27 23:28:29 | INFO | ML | === RUN START ===
2026-06-27 23:28:29 | INFO | ML | project=ML
2026-06-27 23:28:29 | INFO | ML | repo_dir=ml-06-serving
2026-06-27 23:28:29 | INFO | ML | python=3.14.0
2026-06-27 23:28:29 | INFO | ML | os=Windows 11
2026-06-27 23:28:29 | INFO | ML | shell=powershell
2026-06-27 23:28:29 | INFO | ML | cwd=.
2026-06-27 23:28:29 | INFO | ML | github_actions=False
2026-06-27 23:28:29 | INFO | ML | === RUN START ===
2026-06-27 23:28:29 | INFO | ML | project=ML
2026-06-27 23:28:29 | INFO | ML | repo_dir=ml-06-serving
2026-06-27 23:28:29 | INFO | ML | python=3.14.0
2026-06-27 23:28:29 | INFO | ML | os=Windows 11
2026-06-27 23:28:29 | INFO | ML | shell=powershell
2026-06-27 23:28:29 | INFO | ML | cwd=.
2026-06-27 23:28:29 | INFO | ML | github_actions=False
2026-06-27 23:28:29 | INFO | ML | ========================
2026-06-27 23:28:29 | INFO | ML | START main()
2026-06-27 23:28:29 | INFO | ML | ========================
2026-06-27 23:28:29 | INFO | ML | Load dataset..............
2026-06-27 23:28:29 | INFO | ML | Loading dataset: hours_scores_case
2026-06-27 23:28:29 | INFO | ML | Loaded: 10 rows, 6 columns
2026-06-27 23:28:29 | DEBUG | ML | 
   hours_studied  practice_quizzes  attendance_pct  sleep_hours  prior_score  score
0            2.0                 1              72          6.0           58     62
1            3.5                 2              80          6.5           61     68
2            4.0                 3              85          7.0           64     72
3            5.0                 3              88          7.5           66     76
4            6.0                 4              90          7.0           70     81
2026-06-27 23:28:29 | INFO | ML | Inspect dataset...........
2026-06-27 23:28:29 | INFO | ML | Column names
2026-06-27 23:28:29 | DEBUG | ML | ['hours_studied', 'practice_quizzes', 'attendance_pct', 'sleep_hours', 'prior_score', 'score']
2026-06-27 23:28:29 | INFO | ML | DataFrame info
2026-06-27 23:28:29 | INFO | ML | Dataset shape: 10 rows, 6 columns
2026-06-27 23:28:29 | INFO | ML | Check data quality........
2026-06-27 23:28:29 | INFO | ML | Missing values by column
2026-06-27 23:28:29 | DEBUG | ML | 
hours_studied       0
practice_quizzes    0
attendance_pct      0
sleep_hours         0
prior_score         0
score               0
dtype: int64
2026-06-27 23:28:29 | INFO | ML | Duplicate row count: 0
2026-06-27 23:28:29 | INFO | ML | Create clean view.........
2026-06-27 23:28:29 | INFO | ML | Creating clean modeling view
2026-06-27 23:28:29 | INFO | ML | Clean view: 10 rows, 6 columns
2026-06-27 23:28:29 | INFO | ML | Train supervised model....
2026-06-27 23:28:29 | INFO | ML | Training LinearRegression model
2026-06-27 23:28:29 | INFO | ML | Mean absolute error: 0.48
2026-06-27 23:28:29 | INFO | ML | R-squared: 1.00
2026-06-27 23:28:29 | INFO | ML | Predict one case..........
2026-06-27 23:28:29 | INFO | ML | Predicting one new case
2026-06-27 23:28:29 | INFO | ML | New case:
   hours_studied  practice_quizzes  attendance_pct  sleep_hours  prior_score
0            6.5                 4              92          7.0           72
2026-06-27 23:28:29 | INFO | ML | Predicted score: 83.4
2026-06-27 23:28:29 | INFO | ML | Create charts.............
2026-06-27 23:28:29 | INFO | ML | Creating chart: hours studied vs score
2026-06-27 23:28:29 | INFO | ML | Creating chart: model coefficients
2026-06-27 23:28:29 | INFO | ML | Got a figure Figure(900x500) and axes Axes(0.125,0.11;0.775x0.77) from plt.subplots().
2026-06-27 23:28:29 | INFO | ML | Summarize workflow........
2026-06-27 23:28:29 | INFO | ML | ========================
2026-06-27 23:28:29 | INFO | ML | SUMMARY
2026-06-27 23:28:29 | INFO | ML | ========================
2026-06-27 23:28:29 | INFO | ML | Dataset: hours_scores_case
2026-06-27 23:28:29 | INFO | ML | Original rows: 10
2026-06-27 23:28:29 | INFO | ML | Clean rows: 10
2026-06-27 23:28:29 | INFO | ML | Features: ['hours_studied', 'practice_quizzes', 'attendance_pct', 'sleep_hours', 'prior_score']
2026-06-27 23:28:29 | INFO | ML | Target: score
2026-06-27 23:28:29 | INFO | ML | ----- in a script, call plt.show() once at the end to display all charts -----
2026-06-27 23:28:29 | INFO | ML | ----- in a script, CLOSE the chart windows with the close button to CONTINUE -----
2026-06-27 23:28:35 | INFO | ML | Workflow complete
2026-06-27 23:28:35 | INFO | ML | IMPORTANT: This script creates chart windows.
2026-06-27 23:28:35 | INFO | ML | Close chart windows and terminate this process with CTRL+c as needed.
2026-06-27 23:28:35 | INFO | ML | ========================
2026-06-27 23:28:35 | INFO | ML | Executed successfully!
2026-06-27 23:28:35 | INFO | ML | ========================
2026-06-27 23:28:42 | INFO | ML | === RUN START ===
2026-06-27 23:28:42 | INFO | ML | project=ML
2026-06-27 23:28:42 | INFO | ML | repo_dir=ml-06-serving
2026-06-27 23:28:42 | INFO | ML | python=3.14.0
2026-06-27 23:28:42 | INFO | ML | os=Windows 11
2026-06-27 23:28:42 | INFO | ML | shell=powershell
2026-06-27 23:28:42 | INFO | ML | cwd=.
2026-06-27 23:28:42 | INFO | ML | github_actions=False
2026-06-27 23:28:43 | INFO | M06 | === RUN START ===
2026-06-27 23:28:43 | INFO | M06 | project=M06
2026-06-27 23:28:43 | INFO | M06 | repo_dir=ml-06-serving
2026-06-27 23:28:43 | INFO | M06 | python=3.14.0
2026-06-27 23:28:43 | INFO | M06 | os=Windows 11
2026-06-27 23:28:43 | INFO | M06 | shell=powershell
2026-06-27 23:28:43 | INFO | M06 | cwd=.
2026-06-27 23:28:43 | INFO | M06 | github_actions=False
2026-06-27 23:28:43 | INFO | M06 | Loading dataset: penguins
2026-06-27 23:28:43 | INFO | M06 | Loaded: 344 rows, 7 columns
2026-06-27 23:28:43 | INFO | M06 | Model rows (after dropping missing): 342
2026-06-27 23:28:43 | INFO | M06 | Loading dataset: penguins
2026-06-27 23:28:43 | INFO | M06 | Loaded: 344 rows, 7 columns
2026-06-27 23:28:43 | INFO | M06 | Model rows (after dropping missing): 342
2026-06-27 23:28:43 | INFO | M06 | Loading dataset: penguins
2026-06-27 23:28:43 | INFO | M06 | Loaded: 344 rows, 7 columns
2026-06-27 23:28:43 | INFO | M06 | Model rows (after dropping missing): 342
2026-06-27 23:28:43 | INFO | M06 | Loading dataset: penguins
2026-06-27 23:28:43 | INFO | M06 | Loaded: 344 rows, 7 columns
2026-06-27 23:28:43 | INFO | M06 | Model rows (after dropping missing): 342
2026-06-27 23:28:43 | INFO | M06 | Train instances: 273
2026-06-27 23:28:43 | INFO | M06 | Test instances:  69
2026-06-27 23:28:43 | INFO | M06 | Loading dataset: penguins
2026-06-27 23:28:43 | INFO | M06 | Loaded: 344 rows, 7 columns
2026-06-27 23:28:43 | INFO | M06 | Model rows (after dropping missing): 342
2026-06-27 23:28:43 | INFO | M06 | Train instances: 273
2026-06-27 23:28:43 | INFO | M06 | Test instances:  69
2026-06-27 23:28:43 | INFO | M06 | Loading dataset: penguins
2026-06-27 23:28:43 | INFO | M06 | Loaded: 344 rows, 7 columns
2026-06-27 23:28:43 | INFO | M06 | Model rows (after dropping missing): 342
2026-06-27 23:28:43 | INFO | M06 | Train instances: 273
2026-06-27 23:28:43 | INFO | M06 | Test instances:  69
2026-06-27 23:28:43 | INFO | M06 | Loading dataset: penguins
2026-06-27 23:28:43 | INFO | M06 | Loaded: 344 rows, 7 columns
2026-06-27 23:28:43 | INFO | M06 | Model rows (after dropping missing): 342
2026-06-27 23:28:43 | INFO | M06 | Train instances: 273
2026-06-27 23:28:43 | INFO | M06 | Test instances:  69
2026-06-27 23:28:43 | INFO | M06 | Loading dataset: penguins
2026-06-27 23:28:43 | INFO | M06 | Loaded: 344 rows, 7 columns
2026-06-27 23:28:43 | INFO | M06 | Model rows (after dropping missing): 342
2026-06-27 23:28:43 | INFO | M06 | Train instances: 273
2026-06-27 23:28:43 | INFO | M06 | Test instances:  69
2026-06-27 23:28:43 | INFO | M06 | Training RandomForestClassifier on 273 instances
2026-06-27 23:28:43 | INFO | M06 | Training complete
2026-06-27 23:28:43 | INFO | M06 | Loading dataset: penguins
2026-06-27 23:28:43 | INFO | M06 | Loaded: 344 rows, 7 columns
2026-06-27 23:28:43 | INFO | M06 | Model rows (after dropping missing): 342
2026-06-27 23:28:43 | INFO | M06 | Train instances: 273
2026-06-27 23:28:43 | INFO | M06 | Test instances:  69
2026-06-27 23:28:43 | INFO | M06 | Training RandomForestClassifier on 273 instances
2026-06-27 23:28:43 | INFO | M06 | Training complete
2026-06-27 23:28:43 | INFO | M06 | Loading dataset: penguins
2026-06-27 23:28:43 | INFO | M06 | Loaded: 344 rows, 7 columns
2026-06-27 23:28:43 | INFO | M06 | Model rows (after dropping missing): 342
2026-06-27 23:28:43 | INFO | M06 | Train instances: 273
2026-06-27 23:28:43 | INFO | M06 | Test instances:  69
2026-06-27 23:28:43 | INFO | M06 | Training RandomForestClassifier on 273 instances
2026-06-27 23:28:43 | INFO | M06 | Training complete
2026-06-27 23:28:43 | INFO | M06 | Loading dataset: penguins
2026-06-27 23:28:43 | INFO | M06 | Loaded: 344 rows, 7 columns
2026-06-27 23:28:43 | INFO | M06 | Model rows (after dropping missing): 342
2026-06-27 23:28:43 | INFO | M06 | Train instances: 273
2026-06-27 23:28:43 | INFO | M06 | Test instances:  69
2026-06-27 23:28:43 | INFO | M06 | Training RandomForestClassifier on 273 instances
2026-06-27 23:28:43 | INFO | M06 | Training complete
2026-06-27 23:28:43 | INFO | M06 | Test accuracy: 1.000
2026-06-27 23:28:43 | INFO | M06 | Loading dataset: penguins
2026-06-27 23:28:43 | INFO | M06 | Loaded: 344 rows, 7 columns
2026-06-27 23:28:43 | INFO | M06 | Model rows (after dropping missing): 342
2026-06-27 23:28:43 | INFO | M06 | Train instances: 273
2026-06-27 23:28:43 | INFO | M06 | Test instances:  69
2026-06-27 23:28:43 | INFO | M06 | Training RandomForestClassifier on 273 instances
2026-06-27 23:28:43 | INFO | M06 | Training complete
2026-06-27 23:28:43 | INFO | M06 | Loading dataset: penguins
2026-06-27 23:28:43 | INFO | M06 | Loaded: 344 rows, 7 columns
2026-06-27 23:28:43 | INFO | M06 | Model rows (after dropping missing): 342
2026-06-27 23:28:43 | INFO | M06 | Train instances: 273
2026-06-27 23:28:43 | INFO | M06 | Test instances:  69
2026-06-27 23:28:43 | INFO | M06 | Training RandomForestClassifier on 273 instances
2026-06-27 23:28:44 | INFO | M06 | Training complete
2026-06-27 23:28:44 | INFO | M06 | Saved model to: C:\Users\edaci\AppData\Local\Temp\pytest-of-edaci\pytest-19\test_save_model_creates_file0\model.joblib
2026-06-27 23:28:44 | INFO | M06 | Loading dataset: penguins
2026-06-27 23:28:44 | INFO | M06 | Loaded: 344 rows, 7 columns
2026-06-27 23:28:44 | INFO | M06 | Model rows (after dropping missing): 342
2026-06-27 23:28:44 | INFO | M06 | Train instances: 273
2026-06-27 23:28:44 | INFO | M06 | Test instances:  69
2026-06-27 23:28:44 | INFO | M06 | Training RandomForestClassifier on 273 instances
2026-06-27 23:28:44 | INFO | M06 | Training complete
2026-06-27 23:28:44 | INFO | M06 | Saved model to: C:\Users\edaci\AppData\Local\Temp\pytest-of-edaci\pytest-19\test_save_model_reloadable0\model.joblib
2026-06-27 23:29:46 | INFO | ML | === RUN START ===
2026-06-27 23:29:46 | INFO | ML | project=ML
2026-06-27 23:29:46 | INFO | ML | repo_dir=ml-06-serving
2026-06-27 23:29:46 | INFO | ML | python=3.14.0
2026-06-27 23:29:46 | INFO | ML | os=Windows 11
2026-06-27 23:29:46 | INFO | ML | shell=powershell
2026-06-27 23:29:46 | INFO | ML | cwd=.
2026-06-27 23:29:46 | INFO | ML | github_actions=False
2026-06-27 23:29:46 | INFO | ML | === RUN START ===
2026-06-27 23:29:46 | INFO | ML | project=ML
2026-06-27 23:29:46 | INFO | ML | repo_dir=ml-06-serving
2026-06-27 23:29:46 | INFO | ML | python=3.14.0
2026-06-27 23:29:46 | INFO | ML | os=Windows 11
2026-06-27 23:29:46 | INFO | ML | shell=powershell
2026-06-27 23:29:46 | INFO | ML | cwd=.
2026-06-27 23:29:46 | INFO | ML | github_actions=False
2026-06-27 23:29:46 | INFO | ML | ========================
2026-06-27 23:29:46 | INFO | ML | START main()
2026-06-27 23:29:46 | INFO | ML | ========================
2026-06-27 23:29:46 | INFO | ML | Load dataset..............
2026-06-27 23:29:46 | INFO | ML | Loading dataset: hours_scores_case
2026-06-27 23:29:46 | INFO | ML | Loaded: 10 rows, 6 columns
2026-06-27 23:29:46 | DEBUG | ML | 
   hours_studied  practice_quizzes  attendance_pct  sleep_hours  prior_score  score
0            2.0                 1              72          6.0           58     62
1            3.5                 2              80          6.5           61     68
2            4.0                 3              85          7.0           64     72
3            5.0                 3              88          7.5           66     76
4            6.0                 4              90          7.0           70     81
2026-06-27 23:29:46 | INFO | ML | Inspect dataset...........
2026-06-27 23:29:46 | INFO | ML | Column names
2026-06-27 23:29:46 | DEBUG | ML | ['hours_studied', 'practice_quizzes', 'attendance_pct', 'sleep_hours', 'prior_score', 'score']
2026-06-27 23:29:46 | INFO | ML | DataFrame info
2026-06-27 23:29:46 | INFO | ML | Dataset shape: 10 rows, 6 columns
2026-06-27 23:29:46 | INFO | ML | Check data quality........
2026-06-27 23:29:46 | INFO | ML | Missing values by column
2026-06-27 23:29:46 | DEBUG | ML | 
hours_studied       0
practice_quizzes    0
attendance_pct      0
sleep_hours         0
prior_score         0
score               0
dtype: int64
2026-06-27 23:29:46 | INFO | ML | Duplicate row count: 0
2026-06-27 23:29:46 | INFO | ML | Create clean view.........
2026-06-27 23:29:46 | INFO | ML | Creating clean modeling view
2026-06-27 23:29:46 | INFO | ML | Clean view: 10 rows, 6 columns
2026-06-27 23:29:46 | INFO | ML | Train supervised model....
2026-06-27 23:29:46 | INFO | ML | Training LinearRegression model
2026-06-27 23:29:46 | INFO | ML | Mean absolute error: 0.48
2026-06-27 23:29:46 | INFO | ML | R-squared: 1.00
2026-06-27 23:29:46 | INFO | ML | Predict one case..........
2026-06-27 23:29:46 | INFO | ML | Predicting one new case
2026-06-27 23:29:46 | INFO | ML | New case:
   hours_studied  practice_quizzes  attendance_pct  sleep_hours  prior_score
0            6.5                 4              92          7.0           72
2026-06-27 23:29:46 | INFO | ML | Predicted score: 83.4
2026-06-27 23:29:46 | INFO | ML | Create charts.............
2026-06-27 23:29:46 | INFO | ML | Creating chart: hours studied vs score
2026-06-27 23:29:46 | INFO | ML | Creating chart: model coefficients
2026-06-27 23:29:46 | INFO | ML | Got a figure Figure(900x500) and axes Axes(0.125,0.11;0.775x0.77) from plt.subplots().
2026-06-27 23:29:46 | INFO | ML | Summarize workflow........
2026-06-27 23:29:46 | INFO | ML | ========================
2026-06-27 23:29:46 | INFO | ML | SUMMARY
2026-06-27 23:29:46 | INFO | ML | ========================
2026-06-27 23:29:46 | INFO | ML | Dataset: hours_scores_case
2026-06-27 23:29:46 | INFO | ML | Original rows: 10
2026-06-27 23:29:46 | INFO | ML | Clean rows: 10
2026-06-27 23:29:46 | INFO | ML | Features: ['hours_studied', 'practice_quizzes', 'attendance_pct', 'sleep_hours', 'prior_score']
2026-06-27 23:29:46 | INFO | ML | Target: score
2026-06-27 23:29:46 | INFO | ML | ----- in a script, call plt.show() once at the end to display all charts -----
2026-06-27 23:29:46 | INFO | ML | ----- in a script, CLOSE the chart windows with the close button to CONTINUE -----
2026-06-27 23:29:49 | INFO | ML | Workflow complete
2026-06-27 23:29:49 | INFO | ML | IMPORTANT: This script creates chart windows.
2026-06-27 23:29:49 | INFO | ML | Close chart windows and terminate this process with CTRL+c as needed.
2026-06-27 23:29:49 | INFO | ML | ========================
2026-06-27 23:29:49 | INFO | ML | Executed successfully!
2026-06-27 23:29:49 | INFO | ML | ========================
2026-06-27 23:29:55 | INFO | ML | === RUN START ===
2026-06-27 23:29:55 | INFO | ML | project=ML
2026-06-27 23:29:55 | INFO | ML | repo_dir=ml-06-serving
2026-06-27 23:29:55 | INFO | ML | python=3.14.0
2026-06-27 23:29:55 | INFO | ML | os=Windows 11
2026-06-27 23:29:55 | INFO | ML | shell=powershell
2026-06-27 23:29:55 | INFO | ML | cwd=.
2026-06-27 23:29:55 | INFO | ML | github_actions=False
2026-06-27 23:29:55 | INFO | M06 | === RUN START ===
2026-06-27 23:29:55 | INFO | M06 | project=M06
2026-06-27 23:29:55 | INFO | M06 | repo_dir=ml-06-serving
2026-06-27 23:29:55 | INFO | M06 | python=3.14.0
2026-06-27 23:29:55 | INFO | M06 | os=Windows 11
2026-06-27 23:29:55 | INFO | M06 | shell=powershell
2026-06-27 23:29:55 | INFO | M06 | cwd=.
2026-06-27 23:29:55 | INFO | M06 | github_actions=False
2026-06-27 23:29:55 | INFO | M06 | Loading dataset: penguins
2026-06-27 23:29:55 | INFO | M06 | Loaded: 344 rows, 7 columns
2026-06-27 23:29:55 | INFO | M06 | Model rows (after dropping missing): 342
2026-06-27 23:29:55 | INFO | M06 | Loading dataset: penguins
2026-06-27 23:29:55 | INFO | M06 | Loaded: 344 rows, 7 columns
2026-06-27 23:29:55 | INFO | M06 | Model rows (after dropping missing): 342
2026-06-27 23:29:55 | INFO | M06 | Loading dataset: penguins
2026-06-27 23:29:55 | INFO | M06 | Loaded: 344 rows, 7 columns
2026-06-27 23:29:55 | INFO | M06 | Model rows (after dropping missing): 342
2026-06-27 23:29:55 | INFO | M06 | Loading dataset: penguins
2026-06-27 23:29:55 | INFO | M06 | Loaded: 344 rows, 7 columns
2026-06-27 23:29:55 | INFO | M06 | Model rows (after dropping missing): 342
2026-06-27 23:29:55 | INFO | M06 | Train instances: 273
2026-06-27 23:29:55 | INFO | M06 | Test instances:  69
2026-06-27 23:29:55 | INFO | M06 | Loading dataset: penguins
2026-06-27 23:29:55 | INFO | M06 | Loaded: 344 rows, 7 columns
2026-06-27 23:29:55 | INFO | M06 | Model rows (after dropping missing): 342
2026-06-27 23:29:55 | INFO | M06 | Train instances: 273
2026-06-27 23:29:55 | INFO | M06 | Test instances:  69
2026-06-27 23:29:55 | INFO | M06 | Loading dataset: penguins
2026-06-27 23:29:55 | INFO | M06 | Loaded: 344 rows, 7 columns
2026-06-27 23:29:55 | INFO | M06 | Model rows (after dropping missing): 342
2026-06-27 23:29:56 | INFO | M06 | Train instances: 273
2026-06-27 23:29:56 | INFO | M06 | Test instances:  69
2026-06-27 23:29:56 | INFO | M06 | Loading dataset: penguins
2026-06-27 23:29:56 | INFO | M06 | Loaded: 344 rows, 7 columns
2026-06-27 23:29:56 | INFO | M06 | Model rows (after dropping missing): 342
2026-06-27 23:29:56 | INFO | M06 | Train instances: 273
2026-06-27 23:29:56 | INFO | M06 | Test instances:  69
2026-06-27 23:29:56 | INFO | M06 | Loading dataset: penguins
2026-06-27 23:29:56 | INFO | M06 | Loaded: 344 rows, 7 columns
2026-06-27 23:29:56 | INFO | M06 | Model rows (after dropping missing): 342
2026-06-27 23:29:56 | INFO | M06 | Train instances: 273
2026-06-27 23:29:56 | INFO | M06 | Test instances:  69
2026-06-27 23:29:56 | INFO | M06 | Training RandomForestClassifier on 273 instances
2026-06-27 23:29:56 | INFO | M06 | Training complete
2026-06-27 23:29:56 | INFO | M06 | Loading dataset: penguins
2026-06-27 23:29:56 | INFO | M06 | Loaded: 344 rows, 7 columns
2026-06-27 23:29:56 | INFO | M06 | Model rows (after dropping missing): 342
2026-06-27 23:29:56 | INFO | M06 | Train instances: 273
2026-06-27 23:29:56 | INFO | M06 | Test instances:  69
2026-06-27 23:29:56 | INFO | M06 | Training RandomForestClassifier on 273 instances
2026-06-27 23:29:56 | INFO | M06 | Training complete
2026-06-27 23:29:56 | INFO | M06 | Loading dataset: penguins
2026-06-27 23:29:56 | INFO | M06 | Loaded: 344 rows, 7 columns
2026-06-27 23:29:56 | INFO | M06 | Model rows (after dropping missing): 342
2026-06-27 23:29:56 | INFO | M06 | Train instances: 273
2026-06-27 23:29:56 | INFO | M06 | Test instances:  69
2026-06-27 23:29:56 | INFO | M06 | Training RandomForestClassifier on 273 instances
2026-06-27 23:29:56 | INFO | M06 | Training complete
2026-06-27 23:29:56 | INFO | M06 | Loading dataset: penguins
2026-06-27 23:29:56 | INFO | M06 | Loaded: 344 rows, 7 columns
2026-06-27 23:29:56 | INFO | M06 | Model rows (after dropping missing): 342
2026-06-27 23:29:56 | INFO | M06 | Train instances: 273
2026-06-27 23:29:56 | INFO | M06 | Test instances:  69
2026-06-27 23:29:56 | INFO | M06 | Training RandomForestClassifier on 273 instances
2026-06-27 23:29:56 | INFO | M06 | Training complete
2026-06-27 23:29:56 | INFO | M06 | Test accuracy: 1.000
2026-06-27 23:29:56 | INFO | M06 | Loading dataset: penguins
2026-06-27 23:29:56 | INFO | M06 | Loaded: 344 rows, 7 columns
2026-06-27 23:29:56 | INFO | M06 | Model rows (after dropping missing): 342
2026-06-27 23:29:56 | INFO | M06 | Train instances: 273
2026-06-27 23:29:56 | INFO | M06 | Test instances:  69
2026-06-27 23:29:56 | INFO | M06 | Training RandomForestClassifier on 273 instances
2026-06-27 23:29:56 | INFO | M06 | Training complete
2026-06-27 23:29:56 | INFO | M06 | Loading dataset: penguins
2026-06-27 23:29:56 | INFO | M06 | Loaded: 344 rows, 7 columns
2026-06-27 23:29:56 | INFO | M06 | Model rows (after dropping missing): 342
2026-06-27 23:29:56 | INFO | M06 | Train instances: 273
2026-06-27 23:29:56 | INFO | M06 | Test instances:  69
2026-06-27 23:29:56 | INFO | M06 | Training RandomForestClassifier on 273 instances
2026-06-27 23:29:56 | INFO | M06 | Training complete
2026-06-27 23:29:57 | INFO | M06 | Saved model to: C:\Users\edaci\AppData\Local\Temp\pytest-of-edaci\pytest-20\test_save_model_creates_file0\model.joblib
2026-06-27 23:29:57 | INFO | M06 | Loading dataset: penguins
2026-06-27 23:29:57 | INFO | M06 | Loaded: 344 rows, 7 columns
2026-06-27 23:29:57 | INFO | M06 | Model rows (after dropping missing): 342
2026-06-27 23:29:57 | INFO | M06 | Train instances: 273
2026-06-27 23:29:57 | INFO | M06 | Test instances:  69
2026-06-27 23:29:57 | INFO | M06 | Training RandomForestClassifier on 273 instances
2026-06-27 23:29:57 | INFO | M06 | Training complete
2026-06-27 23:29:57 | INFO | M06 | Saved model to: C:\Users\edaci\AppData\Local\Temp\pytest-of-edaci\pytest-20\test_save_model_reloadable0\model.joblib
2026-06-28 01:03:20 | INFO | M06 | === RUN START ===
2026-06-28 01:03:20 | INFO | M06 | project=M06
2026-06-28 01:03:20 | INFO | M06 | repo_dir=ml-06-serving
2026-06-28 01:03:20 | INFO | M06 | python=3.14.0
2026-06-28 01:03:20 | INFO | M06 | os=Windows 11
2026-06-28 01:03:20 | INFO | M06 | shell=powershell
2026-06-28 01:03:20 | INFO | M06 | cwd=notebooks
2026-06-28 01:03:20 | INFO | M06 | github_actions=False
2026-06-28 01:03:20 | INFO | M06 | === RUN START ===
2026-06-28 01:03:20 | INFO | M06 | project=M06
2026-06-28 01:03:20 | INFO | M06 | repo_dir=ml-06-serving
2026-06-28 01:03:20 | INFO | M06 | python=3.14.0
2026-06-28 01:03:20 | INFO | M06 | os=Windows 11
2026-06-28 01:03:20 | INFO | M06 | shell=powershell
2026-06-28 01:03:20 | INFO | M06 | cwd=notebooks
2026-06-28 01:03:20 | INFO | M06 | github_actions=False
2026-06-28 01:03:20 | INFO | M06 | Loading model from: artifacts\model.joblib
2026-06-28 01:03:20 | ERROR | M06 | Model file not found: artifacts\model.joblib
